# JRE version: Java(TM) SE Runtime Environment (9.0+11) (build 9.0.4+11)
# Java VM: Java HotSpot(TM) 64-Bit Server VM (9.0.4+11, mixed mode, tiered, compressed oops, g1 gc, windows-amd64)
Heap:
 garbage-first heap   total 359424K, used 155251K [0x0000000700000000, 0x0000000700100af8, 0x00000007c0000000)
  region size 1024K, 43 young (44032K), 2 survivors (2048K)
 Metaspace       used 92438K, capacity 95129K, committed 101888K, reserved 1136640K
  class space    used 12393K, capacity 12939K, committed 14336K, reserved 1048576K
GC Heap History (10 events):
Event: 37774.648 GC heap after
{Heap after GC invocations=544 (full 24):
 garbage-first heap   total 359424K, used 113569K [0x0000000700000000, 0x0000000700100af8, 0x00000007c0000000)
  region size 1024K, 2 young (2048K), 2 survivors (2048K)
 Metaspace       used 92432K, capacity 95129K, committed 101888K, reserved 1136640K
  class space    used 12393K, capacity 12939K, committed 14336K, reserved 1048576K
}
Event: 37777.241 GC heap before
{Heap before GC invocations=544 (full 24):
 garbage-first heap   total 359424K, used 172961K [0x0000000700000000, 0x0000000700100af8, 0x00000007c0000000)
  region size 1024K, 60 young (61440K), 2 survivors (2048K)
 Metaspace       used 92434K, capacity 95129K, committed 101888K, reserved 1136640K
  class space    used 12393K, capacity 12939K, committed 14336K, reserved 1048576K
}
Event: 37777.245 GC heap after
{Heap after GC invocations=545 (full 24):
 garbage-first heap   total 359424K, used 113747K [0x0000000700000000, 0x0000000700100af8, 0x00000007c0000000)
  region size 1024K, 2 young (2048K), 2 survivors (2048K)
 Metaspace       used 92434K, capacity 95129K, committed 101888K, reserved 1136640K
  class space    used 12393K, capacity 12939K, committed 14336K, reserved 1048576K
}
Event: 37777.500 GC heap before
{Heap before GC invocations=545 (full 24):
 garbage-first heap   total 359424K, used 173139K [0x0000000700000000, 0x0000000700100af8, 0x00000007c0000000)
  region size 1024K, 60 young (61440K), 2 survivors (2048K)
 Metaspace       used 92437K, capacity 95129K, committed 101888K, reserved 1136640K
  class space    used 12393K, capacity 12939K, committed 14336K, reserved 1048576K
}
Event: 37777.504 GC heap after
{Heap after GC invocations=546 (full 24):
 garbage-first heap   total 359424K, used 113810K [0x0000000700000000, 0x0000000700100af8, 0x00000007c0000000)
  region size 1024K, 2 young (2048K), 2 survivors (2048K)
 Metaspace       used 92437K, capacity 95129K, committed 101888K, reserved 1136640K
  class space    used 12393K, capacity 12939K, committed 14336K, reserved 1048576K
}
Event: 37780.199 GC heap before
{Heap before GC invocations=546 (full 24):
 garbage-first heap   total 359424K, used 173202K [0x0000000700000000, 0x0000000700100af8, 0x00000007c0000000)
  region size 1024K, 60 young (61440K), 2 survivors (2048K)
 Metaspace       used 92438K, capacity 95129K, committed 101888K, reserved 1136640K
  class space    used 12393K, capacity 12939K, committed 14336K, reserved 1048576K
}
Event: 37780.208 GC heap after
{Heap after GC invocations=547 (full 24):
 garbage-first heap   total 359424K, used 113973K [0x0000000700000000, 0x0000000700100af8, 0x00000007c0000000)
  region size 1024K, 2 young (2048K), 2 survivors (2048K)
 Metaspace       used 92438K, capacity 95129K, committed 101888K, reserved 1136640K
  class space    used 12393K, capacity 12939K, committed 14336K, reserved 1048576K
}
Event: 37780.629 GC heap before
{Heap before GC invocations=547 (full 24):
 garbage-first heap   total 359424K, used 173365K [0x0000000700000000, 0x0000000700100af8, 0x00000007c0000000)
  region size 1024K, 60 young (61440K), 2 survivors (2048K)
 Metaspace       used 92438K, capacity 95129K, committed 101888K, reserved 1136640K
  class space    used 12393K, capacity 12939K, committed 14336K, reserved 1048576K
}
Event: 37780.636 GC heap after
{Heap after GC invocations=548 (full 24):
 garbage-first heap   total 359424K, used 113992K [0x0000000700000000, 0x0000000700100af8, 0x00000007c0000000)
  region size 1024K, 2 young (2048K), 2 survivors (2048K)
 Metaspace       used 92438K, capacity 95129K, committed 101888K, reserved 1136640K
  class space    used 12393K, capacity 12939K, committed 14336K, reserved 1048576K
}
Event: 44642.813 GC heap before
{Heap before GC invocations=548 (full 24):
 garbage-first heap   total 359424K, used 154952K [0x0000000700000000, 0x0000000700100af8, 0x00000007c0000000)
  region size 1024K, 43 young (44032K), 2 survivors (2048K)
 Metaspace       used 92438K, capacity 95129K, committed 101888K, reserved 1136640K
  class space    used 12393K, capacity 12939K, committed 14336K, reserved 1048576K
}

